2024-05-14 00:18:54: INFO: ****Test_001_Login***
2024-05-14 00:18:54: INFO: ****Verifying home Page ***
2024-05-14 00:18:57: INFO: ****Test passed***
2024-05-14 00:18:59: INFO: ****Verifying Login test***
2024-05-14 00:19:05: INFO: ****Login passed*****
2024-05-14 00:56:18: INFO: ****Test_001_Login***
2024-05-14 00:56:18: INFO: ****Verifying home Page ***
2024-05-14 00:56:21: INFO: ****Test passed***
2024-05-14 00:56:23: INFO: ****Verifying Login test***
2024-05-14 00:56:29: INFO: ****Login passed*****
2024-05-14 00:57:53: INFO: ****Test_001_Login***
2024-05-14 00:57:53: INFO: ****Verifying home Page ***
2024-05-14 00:57:58: INFO: ****Test passed***
2024-05-14 00:58:04: INFO: ****Verifying Login test***
2024-05-14 00:58:10: INFO: ****Login passed*****
2024-05-14 00:59:31: INFO: ****Test_001_Login***
2024-05-14 00:59:31: INFO: ****Verifying home Page ***
2024-05-14 01:03:14: INFO: ****Test_001_Login***
2024-05-14 01:03:14: INFO: ****Verifying home Page ***
2024-05-14 01:03:14: INFO: ****Verifying Login test***
2024-05-14 01:03:17: INFO: ****Test passed***
2024-05-14 01:03:21: INFO: ****Login passed*****
2024-05-14 01:33:15: INFO: ****Test_001_Login***
2024-05-14 01:33:15: INFO: ****Verifying home Page ***
2024-05-14 01:35:54: INFO: ****Test_001_Login***
2024-05-14 01:35:54: INFO: ****Verifying home Page ***
2024-05-14 01:35:57: INFO: ****Test passed***
2024-05-14 01:35:58: INFO: ****Verifying Login test***
2024-05-14 01:36:04: INFO: ****Login passed*****
2024-05-14 01:37:36: INFO: ****Verifying Login test***
2024-05-14 01:37:36: INFO: ****Test_001_Login***
2024-05-14 01:37:36: INFO: ****Verifying home Page ***
2024-05-14 01:37:38: INFO: ****Test passed***
2024-05-14 01:37:42: INFO: ****Login passed*****
2024-06-08 20:08:20: INFO: ****Test_001_Login***
2024-06-08 20:08:20: INFO: ****Verifying home Page ***
2024-06-08 20:13:23: INFO: ****Verifying Login test***
2024-06-11 00:36:21: INFO: ****Test_001_Login***
2024-06-11 00:36:21: INFO: ****Verifying home Page ***
2024-06-11 00:36:24: INFO: ****Test passed***
2024-06-11 00:36:26: INFO: ****Verifying Login test***
2024-06-11 00:36:32: INFO: ****Login passed*****
2024-06-11 00:38:31: INFO: ****Test_001_Login***
2024-06-11 00:38:31: INFO: ****Verifying home Page ***
2024-06-11 00:38:36: INFO: ****Test passed***
2024-06-11 00:38:43: INFO: ****Verifying Login test***
2024-06-11 00:38:49: INFO: ****Login passed*****
2024-06-11 00:39:44: INFO: ****Test_001_Login***
2024-06-11 00:39:44: INFO: ****Verifying home Page ***
2024-06-11 00:39:48: INFO: ****Test passed***
2024-06-11 00:39:55: INFO: ****Verifying Login test***
2024-06-11 00:40:02: INFO: ****Login passed*****
2024-06-11 00:55:43: INFO: ****Test_001_Login***
2024-06-11 00:55:43: INFO: ****Verifying Login test***
2024-06-11 00:55:43: INFO: ****Verifying home Page ***
2024-06-11 00:55:46: INFO: ****Test passed***
2024-06-11 00:55:50: INFO: ****Login passed*****
2024-06-12 20:31:50: INFO: ****Test_001_Login***
2024-06-12 20:31:50: INFO: ****Verifying home Page ***
2024-06-12 20:31:53: INFO: ****Test passed***
2024-06-12 20:31:55: INFO: ****Verifying Login test***
2024-06-12 21:33:48: INFO: ***Login_Test002_DDT*****
2024-06-12 21:33:48: INFO: ****Verifying Login test***
2024-06-12 21:40:34: INFO: ***Login_Test002_DDT*****
2024-06-12 21:40:34: INFO: ****Verifying Login test***
2024-06-12 21:41:50: INFO: ***Login_Test002_DDT*****
2024-06-12 21:41:50: INFO: ****Verifying Login test***
2024-06-12 21:44:27: INFO: ***Login_Test002_DDT*****
2024-06-12 21:44:27: INFO: ****Verifying Login test***
2024-06-12 21:46:35: INFO: ***Login_Test002_DDT*****
2024-06-12 21:46:35: INFO: ****Verifying Login test***
2024-06-12 21:47:51: INFO: ***Login_Test002_DDT*****
2024-06-12 21:47:51: INFO: ****Verifying Login test***
2024-06-12 21:48:13: INFO: ***Login_Test002_DDT*****
2024-06-12 21:48:13: INFO: ****Verifying Login test***
2024-06-12 21:59:37: INFO: ***Login_Test002_DDT*****
2024-06-12 21:59:37: INFO: ****Verifying Login test***
2024-06-12 22:09:46: INFO: ***Login_Test002_DDT*****
2024-06-12 22:09:46: INFO: ****Verifying Login test***
2024-06-12 22:12:41: INFO: ***Login_Test002_DDT*****
2024-06-12 22:12:41: INFO: ****Verifying Login test***
2024-06-12 22:14:04: INFO: ***Login_Test002_DDT*****
2024-06-12 22:14:04: INFO: ****Verifying Login test***
2024-06-12 22:16:09: INFO: ***Login_Test002_DDT*****
2024-06-12 22:16:09: INFO: ****Verifying Login test***
2024-06-12 22:17:43: INFO: ***Login_Test002_DDT*****
2024-06-12 22:17:43: INFO: ****Verifying Login test***
2024-06-12 22:19:44: INFO: ***Login_Test002_DDT*****
2024-06-12 22:19:44: INFO: ****Verifying Login test***
2024-06-12 22:23:08: INFO: ***Login_Test002_DDT*****
2024-06-12 22:23:08: INFO: ****Verifying Login test***
2024-06-12 22:31:45: INFO: ***Login_Test002_DDT*****
2024-06-12 22:31:45: INFO: ****Verifying Login test***
2024-06-12 22:47:15: INFO: ***Login_Test002_DDT*****
2024-06-12 22:47:15: INFO: ****Verifying Login test***
2024-06-12 22:50:55: INFO: ***Login_Test002_DDT*****
2024-06-12 22:50:55: INFO: ****Verifying Login test***
2024-06-12 22:58:12: INFO: ***Login_Test002_DDT*****
2024-06-12 22:58:12: INFO: ****Verifying Login test***
2024-06-12 22:59:12: INFO: ***Login_Test002_DDT*****
2024-06-12 22:59:12: INFO: ****Verifying Login test***
2024-06-12 22:59:46: INFO: ***Login_Test002_DDT*****
2024-06-12 22:59:46: INFO: ****Verifying Login test***
2024-06-12 23:00:11: INFO: ***Login_Test002_DDT*****
2024-06-12 23:00:11: INFO: ****Verifying Login test***
2024-06-12 23:00:52: INFO: ***Login_Test002_DDT*****
2024-06-12 23:00:52: INFO: ****Verifying Login test***
2024-06-12 23:14:04: INFO: ***Login_Test002_DDT*****
2024-06-12 23:14:04: INFO: ****Verifying Login test***
2024-06-12 23:15:53: INFO: ***Login_Test002_DDT*****
2024-06-12 23:15:53: INFO: ****Verifying Login test***
2024-06-12 23:26:19: INFO: ***Login_Test002_DDT*****
2024-06-12 23:26:19: INFO: ****Verifying Login test***
2024-06-12 23:29:01: INFO: ***Login_Test002_DDT*****
2024-06-12 23:29:01: INFO: ****Verifying Login test***
2024-06-12 23:33:43: INFO: ***Login_Test002_DDT*****
2024-06-12 23:33:43: INFO: ****Verifying Login test***
2024-06-13 00:48:57: INFO: ***Login_Test002_DDT*****
2024-06-13 00:48:57: INFO: ****Verifying Login test***
2024-06-13 00:54:48: INFO: ***Login_Test002_DDT*****
2024-06-13 00:54:48: INFO: ****Verifying Login test***
2024-06-13 00:58:06: INFO: ***Login_Test002_DDT*****
2024-06-13 00:58:06: INFO: ****Verifying Login test***
2024-06-13 01:04:12: INFO: ***Login_Test002_DDT*****
2024-06-13 01:04:12: INFO: ****Verifying Login test***
2024-06-13 01:05:24: INFO: ***Login_Test002_DDT*****
2024-06-13 01:05:24: INFO: ****Verifying Login test***
2024-06-13 01:12:53: INFO: ***Login_Test002_DDT*****
2024-06-13 01:12:53: INFO: ****Verifying Login test***
2024-06-13 01:18:19: INFO: ***Login_Test002_DDT*****
2024-06-13 01:18:19: INFO: ****Verifying Login test***
2024-06-13 01:23:55: INFO: ***Login_Test002_DDT*****
2024-06-13 01:23:55: INFO: ****Verifying Login test***
2024-06-13 01:23:58: INFO: Attempting login with username: admin@yourstore.com and password: admin
2024-06-13 01:26:09: INFO: ***Login_Test002_DDT*****
2024-06-13 01:26:09: INFO: ****Verifying Login test***
2024-06-13 01:26:11: INFO: Attempting login with username: admin@yourstore.com and password: admin
2024-06-13 01:26:32: ERROR: Timeout occurred while waiting for login button or title change
2024-06-13 01:26:32: INFO: Attempting login with username: admin@yourstore.com and password: dmin
2024-06-13 01:26:53: ERROR: Timeout occurred while waiting for login button or title change
2024-06-13 01:26:53: INFO: Attempting login with username: admin@yourstore.cm and password: admin
2024-06-13 01:27:14: ERROR: Timeout occurred while waiting for login button or title change
2024-06-13 01:27:14: INFO: Attempting login with username: admin@yourstore.c and password: min
2024-06-13 01:27:35: ERROR: Timeout occurred while waiting for login button or title change
2024-06-13 01:27:35: INFO: **DDT Login test Failed ***
2024-06-13 01:28:30: INFO: ***Login_Test002_DDT*****
2024-06-13 01:28:30: INFO: ****Verifying Login test***
2024-06-13 01:28:35: INFO: Attempting login with username: admin@yourstore.com and password: admin
2024-06-13 01:28:56: ERROR: Timeout occurred while waiting for login button or title change
2024-06-13 01:28:56: INFO: Attempting login with username: admin@yourstore.com and password: dmin
2024-06-13 01:29:17: ERROR: Timeout occurred while waiting for login button or title change
2024-06-13 01:29:17: INFO: Attempting login with username: admin@yourstore.cm and password: admin
2024-06-13 01:29:38: ERROR: Timeout occurred while waiting for login button or title change
2024-06-13 01:29:38: INFO: Attempting login with username: admin@yourstore.c and password: min
2024-06-13 01:29:59: ERROR: Timeout occurred while waiting for login button or title change
2024-06-13 01:29:59: INFO: **DDT Login test Failed ***
2024-06-14 17:17:42: INFO: ***** Test_003_AddCustomer ****
2024-06-14 17:19:06: INFO: ***** Test_003_AddCustomer ****
2024-06-14 17:19:12: INFO: ***** Login succesful ****
2024-06-14 17:19:12: INFO: *** Starting Add Customer Test ****
2024-06-14 17:19:16: INFO: ***** Providing customer info ****
2024-06-14 17:19:19: INFO: ***** Saving customer info ****
2024-06-14 17:19:19: INFO: *** Add customer validation started *******
2024-06-14 17:19:19: INFO: *** Add customer Test Passed ***
2024-06-14 17:19:19: INFO: *** Ending Add customer test ****
2024-06-14 18:19:32: INFO: ***** SearchCustomerByEmail_004 ****
2024-06-14 18:19:40: INFO: ***** Login succesful ****
2024-06-14 18:19:40: INFO: *** Starting Search Customer By Email ****
2024-06-14 18:19:56: INFO: ***** searching customer by emailID ****
2024-06-14 18:26:53: INFO: ***** SearchCustomerByEmail_004 ****
2024-06-14 18:26:58: INFO: ***** Login succesful ****
2024-06-14 18:26:58: INFO: *** Starting Search Customer By Email ****
2024-06-14 18:27:14: INFO: ***** searching customer by emailID ****
2024-06-14 18:30:43: INFO: ***** SearchCustomerByEmail_004 ****
2024-06-14 18:30:54: INFO: ***** Login succesful ****
2024-06-14 18:30:54: INFO: *** Starting Search Customer By Email ****
2024-06-14 18:31:10: INFO: ***** searching customer by emailID ****
2024-06-14 18:32:48: INFO: ***** SearchCustomerByEmail_004 ****
2024-06-14 18:32:54: INFO: ***** Login succesful ****
2024-06-14 18:32:54: INFO: *** Starting Search Customer By Email ****
2024-06-14 18:33:10: INFO: ***** searching customer by emailID ****
2024-06-14 18:33:14: INFO: *****  TC_SearchCustomerByEmail_004 Finished  ***** 
2024-06-14 18:35:38: INFO: ***** SearchCustomerByEmail_004 ****
2024-06-14 18:35:48: INFO: ***** Login succesful ****
2024-06-14 18:35:48: INFO: *** Starting Search Customer By Email ****
2024-06-14 18:36:05: INFO: ***** searching customer by emailID ****
2024-06-14 18:36:09: INFO: *****  TC_SearchCustomerByEmail_004 Finished  ***** 
2024-06-14 18:45:00: INFO: ***** SearchCustomerByName_004 ****
2024-06-14 18:45:09: INFO: ***** Login succesful ****
2024-06-14 18:45:09: INFO: *** Starting Search Customer By Name ****
2024-06-14 18:45:26: INFO: ***** searching customer by Name****
2024-06-14 18:45:31: INFO: *****  TC_SearchCustomerByName_004 Finished  ***** 
2024-06-15 10:57:23: INFO: ***** Test_003_AddCustomer ****
2024-06-15 10:57:29: INFO: ***** Login succesful ****
2024-06-15 10:57:29: INFO: *** Starting Add Customer Test ****
2024-06-15 10:57:32: INFO: ***** Providing customer info ****
2024-06-15 10:57:35: INFO: ***** Saving customer info ****
2024-06-15 10:57:35: INFO: *** Add customer validation started *******
2024-06-15 10:57:35: INFO: *** Add customer Test Passed ***
2024-06-15 10:57:36: INFO: *** Ending Add customer test ****
2024-06-15 10:57:37: INFO: ****Test_001_Login***
2024-06-15 10:57:37: INFO: ****Verifying home Page ***
2024-06-15 10:57:41: INFO: ****Test passed***
2024-06-15 11:18:06: INFO: ***Login_Test002_DDT*****
2024-06-15 11:18:06: INFO: ****Verifying Login test***
2024-06-15 11:18:09: INFO: Attempting login with username: admin@yourstore.com and password: admin
2024-06-15 11:18:30: ERROR: Timeout occurred while waiting for login button or title change
2024-06-15 11:18:30: INFO: Attempting login with username: admin@yourstore.com and password: dmin
2024-06-15 11:18:51: ERROR: Timeout occurred while waiting for login button or title change
2024-06-15 11:18:51: INFO: Attempting login with username: admin@yourstore.cm and password: admin
2024-06-15 11:19:12: ERROR: Timeout occurred while waiting for login button or title change
2024-06-15 11:19:12: INFO: Attempting login with username: admin@yourstore.c and password: min
2024-06-15 11:19:33: ERROR: Timeout occurred while waiting for login button or title change
2024-06-15 11:19:33: INFO: **DDT Login test Failed ***
2024-06-15 11:19:35: INFO: ****Test_001_Login***
2024-06-15 11:19:35: INFO: ****Verifying home Page ***
2024-06-15 11:19:37: INFO: ****Test passed***
2024-06-15 11:19:39: INFO: ****Verifying Login test***
2024-06-15 11:19:44: INFO: ****Login passed*****
2024-06-15 11:19:46: INFO: ***** SearchCustomerByEmail_004 ****
2024-06-15 11:19:51: INFO: ***** Login succesful ****
2024-06-15 11:19:51: INFO: *** Starting Search Customer By Email ****
2024-06-15 11:20:07: INFO: ***** searching customer by emailID ****
2024-06-15 11:20:12: INFO: *****  TC_SearchCustomerByEmail_004 Finished  ***** 
2024-06-15 11:20:13: INFO: ***** SearchCustomerByName_004 ****
2024-06-15 11:20:18: INFO: ***** Login succesful ****
2024-06-15 11:20:18: INFO: *** Starting Search Customer By Name ****
2024-06-15 11:20:35: INFO: ***** searching customer by Name****
2024-06-15 11:20:39: INFO: *****  TC_SearchCustomerByName_004 Finished  ***** 
2024-06-15 12:03:54: INFO: ****Test_001_Login***
2024-06-15 12:03:54: INFO: ****Verifying home Page ***
2024-06-15 12:03:57: INFO: ****Test passed***
2024-06-15 12:04:21: INFO: ***Login_Test002_DDT*****
2024-06-15 12:04:21: INFO: ****Verifying Login test***
2024-06-15 12:04:23: INFO: Attempting login with username: admin@yourstore.com and password: admin
2024-06-15 12:04:45: ERROR: Timeout occurred while waiting for login button or title change
2024-06-15 12:04:45: INFO: Attempting login with username: admin@yourstore.com and password: dmin
2024-06-15 12:05:05: ERROR: Timeout occurred while waiting for login button or title change
2024-06-15 12:05:05: INFO: Attempting login with username: admin@yourstore.cm and password: admin
2024-06-15 12:05:26: ERROR: Timeout occurred while waiting for login button or title change
2024-06-15 12:05:26: INFO: Attempting login with username: admin@yourstore.c and password: min
2024-06-15 12:05:47: ERROR: Timeout occurred while waiting for login button or title change
2024-06-15 12:05:47: INFO: **DDT Login test Failed ***
2024-06-15 12:05:49: INFO: ****Test_001_Login***
2024-06-15 12:05:49: INFO: ****Verifying home Page ***
2024-06-15 12:05:53: INFO: ****Test passed***
2024-06-15 12:05:54: INFO: ****Verifying Login test***
2024-06-15 12:06:04: INFO: ****Login passed*****
2024-06-15 12:06:06: INFO: ***** SearchCustomerByEmail_004 ****
2024-06-15 12:06:12: INFO: ***** Login succesful ****
2024-06-15 12:06:12: INFO: *** Starting Search Customer By Email ****
2024-06-15 12:06:28: INFO: ***** searching customer by emailID ****
2024-06-15 12:06:33: INFO: *****  TC_SearchCustomerByEmail_004 Finished  ***** 
2024-06-15 12:06:34: INFO: ***** SearchCustomerByName_004 ****
2024-06-15 12:06:41: INFO: ***** Login succesful ****
2024-06-15 12:06:41: INFO: *** Starting Search Customer By Name ****
2024-06-15 12:06:58: INFO: ***** searching customer by Name****
2024-06-15 12:07:03: INFO: *****  TC_SearchCustomerByName_004 Finished  ***** 
